2020-08-07 14:42:44 [scrapy.utils.log] INFO: Scrapy 2.3.0 started (bot: scraper)
2020-08-07 14:42:44 [scrapy.utils.log] INFO: Versions: lxml 4.5.2.0, libxml2 2.9.10, cssselect 1.1.0, parsel 1.6.0, w3lib 1.22.0, Twisted 20.3.0, Python 3.8.2 (default, Jul 16 2020, 14:00:26) - [GCC 9.3.0], pyOpenSSL 19.1.0 (OpenSSL 1.1.1g  21 Apr 2020), cryptography 3.0, Platform Linux-5.4.0-42-generic-x86_64-with-glibc2.29
2020-08-07 14:42:44 [scrapy.utils.log] DEBUG: Using reactor: twisted.internet.epollreactor.EPollReactor
2020-08-07 14:42:44 [scrapy.crawler] INFO: Overridden settings:
{'AUTOTHROTTLE_ENABLED': True,
 'AUTOTHROTTLE_MAX_DELAY': 45,
 'BOT_NAME': 'scraper',
 'DUPEFILTER_CLASS': 'scrapy_splash.SplashAwareDupeFilter',
 'HTTPCACHE_STORAGE': 'scrapy_splash.SplashAwareFSCacheStorage',
 'LOG_FILE': 'logs/scraper/pricespider/ec3f37ead8f611eab5fa65e624162643.log',
 'NEWSPIDER_MODULE': 'scraper.spiders',
 'ROBOTSTXT_OBEY': True,
 'SPIDER_MODULES': ['scraper.spiders']}
2020-08-07 14:42:44 [scrapy.extensions.telnet] INFO: Telnet Password: 8a6187f89d8cb19e
2020-08-07 14:42:44 [scrapy.middleware] INFO: Enabled extensions:
['scrapy.extensions.corestats.CoreStats',
 'scrapy.extensions.telnet.TelnetConsole',
 'scrapy.extensions.memusage.MemoryUsage',
 'scrapy.extensions.logstats.LogStats',
 'scrapy.extensions.throttle.AutoThrottle']
2020-08-07 14:42:44 [scrapy.middleware] INFO: Enabled downloader middlewares:
['scrapy.downloadermiddlewares.robotstxt.RobotsTxtMiddleware',
 'scrapy.downloadermiddlewares.httpauth.HttpAuthMiddleware',
 'scrapy.downloadermiddlewares.downloadtimeout.DownloadTimeoutMiddleware',
 'scrapy.downloadermiddlewares.defaultheaders.DefaultHeadersMiddleware',
 'scrapy.downloadermiddlewares.useragent.UserAgentMiddleware',
 'scrapy.downloadermiddlewares.retry.RetryMiddleware',
 'scrapy.downloadermiddlewares.redirect.MetaRefreshMiddleware',
 'scrapy.downloadermiddlewares.redirect.RedirectMiddleware',
 'scrapy.downloadermiddlewares.cookies.CookiesMiddleware',
 'scrapy_splash.SplashCookiesMiddleware',
 'scrapy_splash.SplashMiddleware',
 'scrapy.downloadermiddlewares.httpproxy.HttpProxyMiddleware',
 'scrapy.downloadermiddlewares.httpcompression.HttpCompressionMiddleware',
 'scrapy.downloadermiddlewares.stats.DownloaderStats']
2020-08-07 14:42:44 [scrapy.middleware] INFO: Enabled spider middlewares:
['scrapy.spidermiddlewares.httperror.HttpErrorMiddleware',
 'scrapy.spidermiddlewares.offsite.OffsiteMiddleware',
 'scraper.middlewares.ScraperSpiderMiddleware',
 'scrapy.spidermiddlewares.referer.RefererMiddleware',
 'scrapy.spidermiddlewares.urllength.UrlLengthMiddleware',
 'scrapy.spidermiddlewares.depth.DepthMiddleware']
2020-08-07 14:42:44 [scrapy.middleware] INFO: Enabled item pipelines:
['scraper.pipelines.ScraperPipeline']
2020-08-07 14:42:44 [scrapy.core.engine] INFO: Spider opened
2020-08-07 14:42:44 [scrapy.extensions.logstats] INFO: Crawled 0 pages (at 0 pages/min), scraped 0 items (at 0 items/min)
2020-08-07 14:42:44 [pricespider] INFO: Spider opened: pricespider
2020-08-07 14:42:44 [scrapy.extensions.telnet] INFO: Telnet console listening on 127.0.0.1:6023
2020-08-07 14:42:44 [py.warnings] WARNING: /home/leo/.local/share/virtualenvs/cmpt470-final-project-HzYhuENo/lib/python3.8/site-packages/scrapy_splash/request.py:41: ScrapyDeprecationWarning: Call to deprecated function to_native_str. Use to_unicode instead.
  url = to_native_str(url)

2020-08-07 14:42:44 [scrapy.core.engine] DEBUG: Crawled (200) <GET https://www.newegg.ca/robots.txt> (referer: None)
2020-08-07 14:42:44 [scrapy.core.engine] DEBUG: Crawled (404) <GET http://localhost:8050/robots.txt> (referer: None)
2020-08-07 14:42:51 [scrapy.core.engine] DEBUG: Crawled (200) <GET https://www.newegg.ca/core-i9-9th-gen-intel-core-i9-9900k/p/N82E16819117957?Item=N82E16819117957 via http://localhost:8050/render.html> (referer: None)
2020-08-07 14:42:51 [scrapy.core.scraper] DEBUG: Scraped from <200 https://www.newegg.ca/core-i9-9th-gen-intel-core-i9-9900k/p/N82E16819117957?Item=N82E16819117957>
{'price': Decimal('529.99'),
 'url': 'https://www.newegg.ca/core-i9-9th-gen-intel-core-i9-9900k/p/N82E16819117957?Item=N82E16819117957'}
2020-08-07 14:42:51 [scrapy.core.engine] INFO: Closing spider (finished)
2020-08-07 14:42:51 [scrapy.statscollectors] INFO: Dumping Scrapy stats:
{'downloader/request_bytes': 1278,
 'downloader/request_count': 3,
 'downloader/request_method_count/GET': 2,
 'downloader/request_method_count/POST': 1,
 'downloader/response_bytes': 781907,
 'downloader/response_count': 3,
 'downloader/response_status_count/200': 2,
 'downloader/response_status_count/404': 1,
 'elapsed_time_seconds': 7.098793,
 'finish_reason': 'finished',
 'finish_time': datetime.datetime(2020, 8, 7, 21, 42, 51, 623895),
 'item_scraped_count': 1,
 'log_count/DEBUG': 4,
 'log_count/INFO': 11,
 'log_count/WARNING': 1,
 'memusage/max': 64462848,
 'memusage/startup': 64462848,
 'response_received_count': 3,
 'robotstxt/request_count': 2,
 'robotstxt/response_count': 2,
 'robotstxt/response_status_count/200': 1,
 'robotstxt/response_status_count/404': 1,
 'scheduler/dequeued': 2,
 'scheduler/dequeued/memory': 2,
 'scheduler/enqueued': 2,
 'scheduler/enqueued/memory': 2,
 'splash/render.html/request_count': 1,
 'splash/render.html/response_count/200': 1,
 'start_time': datetime.datetime(2020, 8, 7, 21, 42, 44, 525102)}
2020-08-07 14:42:51 [scrapy.core.engine] INFO: Spider closed (finished)
